WARNING - 2025-03-06 07:37:06 --> [DEPRECATED] Creation of dynamic property App\Controllers\SupplierController::$Supplier is deprecated in APPPATH\Controllers\SupplierController.php on line 17.
 1 SYSTEMPATH\CodeIgniter.php(903): App\Controllers\SupplierController->__construct()
 2 SYSTEMPATH\CodeIgniter.php(498): CodeIgniter\CodeIgniter->createController()
 3 SYSTEMPATH\CodeIgniter.php(354): CodeIgniter\CodeIgniter->handleRequest(null, Object(Config\Cache), false)
 4 SYSTEMPATH\Boot.php(334): CodeIgniter\CodeIgniter->run()
 5 SYSTEMPATH\Boot.php(67): CodeIgniter\Boot::runCodeIgniter(Object(CodeIgniter\CodeIgniter))
 6 FCPATH\index.php(56): CodeIgniter\Boot::bootWeb(Object(Config\Paths))
 7 SYSTEMPATH\rewrite.php(44): require_once('F:\\Program Yang Dikerjakan Saat ini\\2025\\icsback\\public\\index.php')
ERROR - 2025-03-06 07:37:06 --> Error connecting to the database: mysqli_sql_exception: Access denied for user 'u583219658_ics'@'localhost' (using password: YES) in F:\Program Yang Dikerjakan Saat ini\2025\icsback\system\Database\MySQLi\Connection.php:201
Stack trace:
#0 F:\Program Yang Dikerjakan Saat ini\2025\icsback\system\Database\MySQLi\Connection.php(201): mysqli->real_connect('localhost', 'u583219658_ics', Object(SensitiveParameterValue), 'u583219658_ics', 3306, '', 0)
#1 F:\Program Yang Dikerjakan Saat ini\2025\icsback\system\Database\BaseConnection.php(421): CodeIgniter\Database\MySQLi\Connection->connect(false)
#2 F:\Program Yang Dikerjakan Saat ini\2025\icsback\system\Database\BaseConnection.php(620): CodeIgniter\Database\BaseConnection->initialize()
#3 F:\Program Yang Dikerjakan Saat ini\2025\icsback\system\Database\BaseBuilder.php(1649): CodeIgniter\Database\BaseConnection->query('SELECT *\nFROM `...', Array, false)
#4 F:\Program Yang Dikerjakan Saat ini\2025\icsback\system\Model.php(286): CodeIgniter\Database\BaseBuilder->get()
#5 F:\Program Yang Dikerjakan Saat ini\2025\icsback\system\BaseModel.php(675): CodeIgniter\Model->doFindAll(0, 0)
#6 F:\Program Yang Dikerjakan Saat ini\2025\icsback\app\Controllers\SupplierController.php(33): CodeIgniter\BaseModel->findAll()
#7 F:\Program Yang Dikerjakan Saat ini\2025\icsback\system\CodeIgniter.php(933): App\Controllers\SupplierController->index()
#8 F:\Program Yang Dikerjakan Saat ini\2025\icsback\system\CodeIgniter.php(507): CodeIgniter\CodeIgniter->runController(Object(App\Controllers\SupplierController))
#9 F:\Program Yang Dikerjakan Saat ini\2025\icsback\system\CodeIgniter.php(354): CodeIgniter\CodeIgniter->handleRequest(NULL, Object(Config\Cache), false)
#10 F:\Program Yang Dikerjakan Saat ini\2025\icsback\system\Boot.php(334): CodeIgniter\CodeIgniter->run()
#11 F:\Program Yang Dikerjakan Saat ini\2025\icsback\system\Boot.php(67): CodeIgniter\Boot::runCodeIgniter(Object(CodeIgniter\CodeIgniter))
#12 F:\Program Yang Dikerjakan Saat ini\2025\icsback\public\index.php(56): CodeIgniter\Boot::bootWeb(Object(Config\Paths))
#13 F:\Program Yang Dikerjakan Saat ini\2025\icsback\system\rewrite.php(44): require_once('F:\\Program Yang...')
#14 {main}

Next CodeIgniter\Database\Exceptions\DatabaseException: Access denied for user '****'@'localhost' (using password: YES) in F:\Program Yang Dikerjakan Saat ini\2025\icsback\system\Database\MySQLi\Connection.php:246
Stack trace:
#0 F:\Program Yang Dikerjakan Saat ini\2025\icsback\system\Database\BaseConnection.php(421): CodeIgniter\Database\MySQLi\Connection->connect(false)
#1 F:\Program Yang Dikerjakan Saat ini\2025\icsback\system\Database\BaseConnection.php(620): CodeIgniter\Database\BaseConnection->initialize()
#2 F:\Program Yang Dikerjakan Saat ini\2025\icsback\system\Database\BaseBuilder.php(1649): CodeIgniter\Database\BaseConnection->query('SELECT *\nFROM `...', Array, false)
#3 F:\Program Yang Dikerjakan Saat ini\2025\icsback\system\Model.php(286): CodeIgniter\Database\BaseBuilder->get()
#4 F:\Program Yang Dikerjakan Saat ini\2025\icsback\system\BaseModel.php(675): CodeIgniter\Model->doFindAll(0, 0)
#5 F:\Program Yang Dikerjakan Saat ini\2025\icsback\app\Controllers\SupplierController.php(33): CodeIgniter\BaseModel->findAll()
#6 F:\Program Yang Dikerjakan Saat ini\2025\icsback\system\CodeIgniter.php(933): App\Controllers\SupplierController->index()
#7 F:\Program Yang Dikerjakan Saat ini\2025\icsback\system\CodeIgniter.php(507): CodeIgniter\CodeIgniter->runController(Object(App\Controllers\SupplierController))
#8 F:\Program Yang Dikerjakan Saat ini\2025\icsback\system\CodeIgniter.php(354): CodeIgniter\CodeIgniter->handleRequest(NULL, Object(Config\Cache), false)
#9 F:\Program Yang Dikerjakan Saat ini\2025\icsback\system\Boot.php(334): CodeIgniter\CodeIgniter->run()
#10 F:\Program Yang Dikerjakan Saat ini\2025\icsback\system\Boot.php(67): CodeIgniter\Boot::runCodeIgniter(Object(CodeIgniter\CodeIgniter))
#11 F:\Program Yang Dikerjakan Saat ini\2025\icsback\public\index.php(56): CodeIgniter\Boot::bootWeb(Object(Config\Paths))
#12 F:\Program Yang Dikerjakan Saat ini\2025\icsback\system\rewrite.php(44): require_once('F:\\Program Yang...')
#13 {main}
CRITICAL - 2025-03-06 07:37:06 --> CodeIgniter\Database\Exceptions\DatabaseException: Unable to connect to the database.
Main connection [MySQLi]: Access denied for user '****'@'localhost' (using password: YES)
[Method: GET, Route: supplier]
in SYSTEMPATH\Database\BaseConnection.php on line 467.
 1 SYSTEMPATH\Database\BaseConnection.php(620): CodeIgniter\Database\BaseConnection->initialize()
 2 SYSTEMPATH\Database\BaseBuilder.php(1649): CodeIgniter\Database\BaseConnection->query('SELECT *
FROM `master_supplier`', [], false)
 3 SYSTEMPATH\Model.php(286): CodeIgniter\Database\BaseBuilder->get()
 4 SYSTEMPATH\BaseModel.php(675): CodeIgniter\Model->doFindAll(0, 0)
 5 APPPATH\Controllers\SupplierController.php(33): CodeIgniter\BaseModel->findAll()
 6 SYSTEMPATH\CodeIgniter.php(933): App\Controllers\SupplierController->index()
 7 SYSTEMPATH\CodeIgniter.php(507): CodeIgniter\CodeIgniter->runController(Object(App\Controllers\SupplierController))
 8 SYSTEMPATH\CodeIgniter.php(354): CodeIgniter\CodeIgniter->handleRequest(null, Object(Config\Cache), false)
 9 SYSTEMPATH\Boot.php(334): CodeIgniter\CodeIgniter->run()
10 SYSTEMPATH\Boot.php(67): CodeIgniter\Boot::runCodeIgniter(Object(CodeIgniter\CodeIgniter))
11 FCPATH\index.php(56): CodeIgniter\Boot::bootWeb(Object(Config\Paths))
12 SYSTEMPATH\rewrite.php(44): require_once('F:\\Program Yang Dikerjakan Saat ini\\2025\\icsback\\public\\index.php')
WARNING - 2025-03-06 07:39:39 --> [DEPRECATED] Creation of dynamic property App\Controllers\SupplierController::$Supplier is deprecated in APPPATH\Controllers\SupplierController.php on line 17.
 1 SYSTEMPATH\CodeIgniter.php(903): App\Controllers\SupplierController->__construct()
 2 SYSTEMPATH\CodeIgniter.php(498): CodeIgniter\CodeIgniter->createController()
 3 SYSTEMPATH\CodeIgniter.php(354): CodeIgniter\CodeIgniter->handleRequest(null, Object(Config\Cache), false)
 4 SYSTEMPATH\Boot.php(334): CodeIgniter\CodeIgniter->run()
 5 SYSTEMPATH\Boot.php(67): CodeIgniter\Boot::runCodeIgniter(Object(CodeIgniter\CodeIgniter))
 6 FCPATH\index.php(56): CodeIgniter\Boot::bootWeb(Object(Config\Paths))
 7 SYSTEMPATH\rewrite.php(44): require_once('F:\\Program Yang Dikerjakan Saat ini\\2025\\icsback\\public\\index.php')
WARNING - 2025-03-06 07:52:42 --> [DEPRECATED] Creation of dynamic property App\Controllers\SupplierController::$Supplier is deprecated in APPPATH\Controllers\SupplierController.php on line 17.
 1 SYSTEMPATH\CodeIgniter.php(903): App\Controllers\SupplierController->__construct()
 2 SYSTEMPATH\CodeIgniter.php(498): CodeIgniter\CodeIgniter->createController()
 3 SYSTEMPATH\CodeIgniter.php(354): CodeIgniter\CodeIgniter->handleRequest(null, Object(Config\Cache), false)
 4 SYSTEMPATH\Boot.php(334): CodeIgniter\CodeIgniter->run()
 5 SYSTEMPATH\Boot.php(67): CodeIgniter\Boot::runCodeIgniter(Object(CodeIgniter\CodeIgniter))
 6 FCPATH\index.php(56): CodeIgniter\Boot::bootWeb(Object(Config\Paths))
 7 SYSTEMPATH\rewrite.php(44): require_once('F:\\Program Yang Dikerjakan Saat ini\\2025\\icsback\\public\\index.php')
CRITICAL - 2025-03-06 07:52:42 --> CodeIgniter\Exceptions\BadMethodCallException: Call to undefined method App\Models\Supplier::or_like
[Method: GET, Route: supplier]
in SYSTEMPATH\Model.php on line 930.
 1 APPPATH\Controllers\SupplierController.php(34): CodeIgniter\Model->__call('or_like', [...])
 2 SYSTEMPATH\CodeIgniter.php(933): App\Controllers\SupplierController->index()
 3 SYSTEMPATH\CodeIgniter.php(507): CodeIgniter\CodeIgniter->runController(Object(App\Controllers\SupplierController))
 4 SYSTEMPATH\CodeIgniter.php(354): CodeIgniter\CodeIgniter->handleRequest(null, Object(Config\Cache), false)
 5 SYSTEMPATH\Boot.php(334): CodeIgniter\CodeIgniter->run()
 6 SYSTEMPATH\Boot.php(67): CodeIgniter\Boot::runCodeIgniter(Object(CodeIgniter\CodeIgniter))
 7 FCPATH\index.php(56): CodeIgniter\Boot::bootWeb(Object(Config\Paths))
 8 SYSTEMPATH\rewrite.php(44): require_once('F:\\Program Yang Dikerjakan Saat ini\\2025\\icsback\\public\\index.php')
WARNING - 2025-03-06 07:53:07 --> [DEPRECATED] Creation of dynamic property App\Controllers\SupplierController::$Supplier is deprecated in APPPATH\Controllers\SupplierController.php on line 17.
 1 SYSTEMPATH\CodeIgniter.php(903): App\Controllers\SupplierController->__construct()
 2 SYSTEMPATH\CodeIgniter.php(498): CodeIgniter\CodeIgniter->createController()
 3 SYSTEMPATH\CodeIgniter.php(354): CodeIgniter\CodeIgniter->handleRequest(null, Object(Config\Cache), false)
 4 SYSTEMPATH\Boot.php(334): CodeIgniter\CodeIgniter->run()
 5 SYSTEMPATH\Boot.php(67): CodeIgniter\Boot::runCodeIgniter(Object(CodeIgniter\CodeIgniter))
 6 FCPATH\index.php(56): CodeIgniter\Boot::bootWeb(Object(Config\Paths))
 7 SYSTEMPATH\rewrite.php(44): require_once('F:\\Program Yang Dikerjakan Saat ini\\2025\\icsback\\public\\index.php')
WARNING - 2025-03-06 07:53:22 --> [DEPRECATED] Creation of dynamic property App\Controllers\SupplierController::$Supplier is deprecated in APPPATH\Controllers\SupplierController.php on line 17.
 1 SYSTEMPATH\CodeIgniter.php(903): App\Controllers\SupplierController->__construct()
 2 SYSTEMPATH\CodeIgniter.php(498): CodeIgniter\CodeIgniter->createController()
 3 SYSTEMPATH\CodeIgniter.php(354): CodeIgniter\CodeIgniter->handleRequest(null, Object(Config\Cache), false)
 4 SYSTEMPATH\Boot.php(334): CodeIgniter\CodeIgniter->run()
 5 SYSTEMPATH\Boot.php(67): CodeIgniter\Boot::runCodeIgniter(Object(CodeIgniter\CodeIgniter))
 6 FCPATH\index.php(56): CodeIgniter\Boot::bootWeb(Object(Config\Paths))
 7 SYSTEMPATH\rewrite.php(44): require_once('F:\\Program Yang Dikerjakan Saat ini\\2025\\icsback\\public\\index.php')
WARNING - 2025-03-06 07:53:32 --> [DEPRECATED] Creation of dynamic property App\Controllers\SupplierController::$Supplier is deprecated in APPPATH\Controllers\SupplierController.php on line 17.
 1 SYSTEMPATH\CodeIgniter.php(903): App\Controllers\SupplierController->__construct()
 2 SYSTEMPATH\CodeIgniter.php(498): CodeIgniter\CodeIgniter->createController()
 3 SYSTEMPATH\CodeIgniter.php(354): CodeIgniter\CodeIgniter->handleRequest(null, Object(Config\Cache), false)
 4 SYSTEMPATH\Boot.php(334): CodeIgniter\CodeIgniter->run()
 5 SYSTEMPATH\Boot.php(67): CodeIgniter\Boot::runCodeIgniter(Object(CodeIgniter\CodeIgniter))
 6 FCPATH\index.php(56): CodeIgniter\Boot::bootWeb(Object(Config\Paths))
 7 SYSTEMPATH\rewrite.php(44): require_once('F:\\Program Yang Dikerjakan Saat ini\\2025\\icsback\\public\\index.php')
WARNING - 2025-03-06 09:10:17 --> [DEPRECATED] Creation of dynamic property App\Controllers\SupplierController::$Supplier is deprecated in APPPATH\Controllers\SupplierController.php on line 17.
 1 SYSTEMPATH\CodeIgniter.php(903): App\Controllers\SupplierController->__construct()
 2 SYSTEMPATH\CodeIgniter.php(498): CodeIgniter\CodeIgniter->createController()
 3 SYSTEMPATH\CodeIgniter.php(354): CodeIgniter\CodeIgniter->handleRequest(null, Object(Config\Cache), false)
 4 SYSTEMPATH\Boot.php(334): CodeIgniter\CodeIgniter->run()
 5 SYSTEMPATH\Boot.php(67): CodeIgniter\Boot::runCodeIgniter(Object(CodeIgniter\CodeIgniter))
 6 FCPATH\index.php(56): CodeIgniter\Boot::bootWeb(Object(Config\Paths))
 7 SYSTEMPATH\rewrite.php(44): require_once('F:\\Program Yang Dikerjakan Saat ini\\2025\\icsback\\public\\index.php')
WARNING - 2025-03-06 09:10:25 --> [DEPRECATED] Creation of dynamic property App\Controllers\SupplierController::$Supplier is deprecated in APPPATH\Controllers\SupplierController.php on line 17.
 1 SYSTEMPATH\CodeIgniter.php(903): App\Controllers\SupplierController->__construct()
 2 SYSTEMPATH\CodeIgniter.php(498): CodeIgniter\CodeIgniter->createController()
 3 SYSTEMPATH\CodeIgniter.php(354): CodeIgniter\CodeIgniter->handleRequest(null, Object(Config\Cache), false)
 4 SYSTEMPATH\Boot.php(334): CodeIgniter\CodeIgniter->run()
 5 SYSTEMPATH\Boot.php(67): CodeIgniter\Boot::runCodeIgniter(Object(CodeIgniter\CodeIgniter))
 6 FCPATH\index.php(56): CodeIgniter\Boot::bootWeb(Object(Config\Paths))
 7 SYSTEMPATH\rewrite.php(44): require_once('F:\\Program Yang Dikerjakan Saat ini\\2025\\icsback\\public\\index.php')
CRITICAL - 2025-03-06 09:10:25 --> TypeError: CodeIgniter\Database\BaseBuilder::limit(): Argument #1 ($value) must be of type ?int, string given, called in F:\Program Yang Dikerjakan Saat ini\2025\icsback\system\Model.php on line 928
[Method: GET, Route: supplier]
in SYSTEMPATH\Database\BaseBuilder.php on line 1514.
 1 SYSTEMPATH\Model.php(928): CodeIgniter\Database\BaseBuilder->limit('10')
 2 APPPATH\Controllers\SupplierController.php(35): CodeIgniter\Model->__call('limit', [...])
 3 SYSTEMPATH\CodeIgniter.php(933): App\Controllers\SupplierController->index()
 4 SYSTEMPATH\CodeIgniter.php(507): CodeIgniter\CodeIgniter->runController(Object(App\Controllers\SupplierController))
 5 SYSTEMPATH\CodeIgniter.php(354): CodeIgniter\CodeIgniter->handleRequest(null, Object(Config\Cache), false)
 6 SYSTEMPATH\Boot.php(334): CodeIgniter\CodeIgniter->run()
 7 SYSTEMPATH\Boot.php(67): CodeIgniter\Boot::runCodeIgniter(Object(CodeIgniter\CodeIgniter))
 8 FCPATH\index.php(56): CodeIgniter\Boot::bootWeb(Object(Config\Paths))
 9 SYSTEMPATH\rewrite.php(44): require_once('F:\\Program Yang Dikerjakan Saat ini\\2025\\icsback\\public\\index.php')
WARNING - 2025-03-06 09:11:12 --> [DEPRECATED] Creation of dynamic property App\Controllers\SupplierController::$Supplier is deprecated in APPPATH\Controllers\SupplierController.php on line 17.
 1 SYSTEMPATH\CodeIgniter.php(903): App\Controllers\SupplierController->__construct()
 2 SYSTEMPATH\CodeIgniter.php(498): CodeIgniter\CodeIgniter->createController()
 3 SYSTEMPATH\CodeIgniter.php(354): CodeIgniter\CodeIgniter->handleRequest(null, Object(Config\Cache), false)
 4 SYSTEMPATH\Boot.php(334): CodeIgniter\CodeIgniter->run()
 5 SYSTEMPATH\Boot.php(67): CodeIgniter\Boot::runCodeIgniter(Object(CodeIgniter\CodeIgniter))
 6 FCPATH\index.php(56): CodeIgniter\Boot::bootWeb(Object(Config\Paths))
 7 SYSTEMPATH\rewrite.php(44): require_once('F:\\Program Yang Dikerjakan Saat ini\\2025\\icsback\\public\\index.php')
WARNING - 2025-03-06 09:11:24 --> [DEPRECATED] Creation of dynamic property App\Controllers\SupplierController::$Supplier is deprecated in APPPATH\Controllers\SupplierController.php on line 17.
 1 SYSTEMPATH\CodeIgniter.php(903): App\Controllers\SupplierController->__construct()
 2 SYSTEMPATH\CodeIgniter.php(498): CodeIgniter\CodeIgniter->createController()
 3 SYSTEMPATH\CodeIgniter.php(354): CodeIgniter\CodeIgniter->handleRequest(null, Object(Config\Cache), false)
 4 SYSTEMPATH\Boot.php(334): CodeIgniter\CodeIgniter->run()
 5 SYSTEMPATH\Boot.php(67): CodeIgniter\Boot::runCodeIgniter(Object(CodeIgniter\CodeIgniter))
 6 FCPATH\index.php(56): CodeIgniter\Boot::bootWeb(Object(Config\Paths))
 7 SYSTEMPATH\rewrite.php(44): require_once('F:\\Program Yang Dikerjakan Saat ini\\2025\\icsback\\public\\index.php')
WARNING - 2025-03-06 09:12:09 --> [DEPRECATED] Creation of dynamic property App\Controllers\SupplierController::$Supplier is deprecated in APPPATH\Controllers\SupplierController.php on line 17.
 1 SYSTEMPATH\CodeIgniter.php(903): App\Controllers\SupplierController->__construct()
 2 SYSTEMPATH\CodeIgniter.php(498): CodeIgniter\CodeIgniter->createController()
 3 SYSTEMPATH\CodeIgniter.php(354): CodeIgniter\CodeIgniter->handleRequest(null, Object(Config\Cache), false)
 4 SYSTEMPATH\Boot.php(334): CodeIgniter\CodeIgniter->run()
 5 SYSTEMPATH\Boot.php(67): CodeIgniter\Boot::runCodeIgniter(Object(CodeIgniter\CodeIgniter))
 6 FCPATH\index.php(56): CodeIgniter\Boot::bootWeb(Object(Config\Paths))
 7 SYSTEMPATH\rewrite.php(44): require_once('F:\\Program Yang Dikerjakan Saat ini\\2025\\icsback\\public\\index.php')
WARNING - 2025-03-06 09:12:10 --> [DEPRECATED] Creation of dynamic property App\Controllers\SupplierController::$Supplier is deprecated in APPPATH\Controllers\SupplierController.php on line 17.
 1 SYSTEMPATH\CodeIgniter.php(903): App\Controllers\SupplierController->__construct()
 2 SYSTEMPATH\CodeIgniter.php(498): CodeIgniter\CodeIgniter->createController()
 3 SYSTEMPATH\CodeIgniter.php(354): CodeIgniter\CodeIgniter->handleRequest(null, Object(Config\Cache), false)
 4 SYSTEMPATH\Boot.php(334): CodeIgniter\CodeIgniter->run()
 5 SYSTEMPATH\Boot.php(67): CodeIgniter\Boot::runCodeIgniter(Object(CodeIgniter\CodeIgniter))
 6 FCPATH\index.php(56): CodeIgniter\Boot::bootWeb(Object(Config\Paths))
 7 SYSTEMPATH\rewrite.php(44): require_once('F:\\Program Yang Dikerjakan Saat ini\\2025\\icsback\\public\\index.php')
WARNING - 2025-03-06 09:13:09 --> [DEPRECATED] Creation of dynamic property App\Controllers\SupplierController::$Supplier is deprecated in APPPATH\Controllers\SupplierController.php on line 17.
 1 SYSTEMPATH\CodeIgniter.php(903): App\Controllers\SupplierController->__construct()
 2 SYSTEMPATH\CodeIgniter.php(498): CodeIgniter\CodeIgniter->createController()
 3 SYSTEMPATH\CodeIgniter.php(354): CodeIgniter\CodeIgniter->handleRequest(null, Object(Config\Cache), false)
 4 SYSTEMPATH\Boot.php(334): CodeIgniter\CodeIgniter->run()
 5 SYSTEMPATH\Boot.php(67): CodeIgniter\Boot::runCodeIgniter(Object(CodeIgniter\CodeIgniter))
 6 FCPATH\index.php(56): CodeIgniter\Boot::bootWeb(Object(Config\Paths))
 7 SYSTEMPATH\rewrite.php(44): require_once('F:\\Program Yang Dikerjakan Saat ini\\2025\\icsback\\public\\index.php')
WARNING - 2025-03-06 09:13:11 --> [DEPRECATED] Creation of dynamic property App\Controllers\SupplierController::$Supplier is deprecated in APPPATH\Controllers\SupplierController.php on line 17.
 1 SYSTEMPATH\CodeIgniter.php(903): App\Controllers\SupplierController->__construct()
 2 SYSTEMPATH\CodeIgniter.php(498): CodeIgniter\CodeIgniter->createController()
 3 SYSTEMPATH\CodeIgniter.php(354): CodeIgniter\CodeIgniter->handleRequest(null, Object(Config\Cache), false)
 4 SYSTEMPATH\Boot.php(334): CodeIgniter\CodeIgniter->run()
 5 SYSTEMPATH\Boot.php(67): CodeIgniter\Boot::runCodeIgniter(Object(CodeIgniter\CodeIgniter))
 6 FCPATH\index.php(56): CodeIgniter\Boot::bootWeb(Object(Config\Paths))
 7 SYSTEMPATH\rewrite.php(44): require_once('F:\\Program Yang Dikerjakan Saat ini\\2025\\icsback\\public\\index.php')
WARNING - 2025-03-06 09:18:06 --> [DEPRECATED] Creation of dynamic property App\Controllers\SupplierController::$Supplier is deprecated in APPPATH\Controllers\SupplierController.php on line 17.
 1 SYSTEMPATH\CodeIgniter.php(903): App\Controllers\SupplierController->__construct()
 2 SYSTEMPATH\CodeIgniter.php(498): CodeIgniter\CodeIgniter->createController()
 3 SYSTEMPATH\CodeIgniter.php(354): CodeIgniter\CodeIgniter->handleRequest(null, Object(Config\Cache), false)
 4 SYSTEMPATH\Boot.php(334): CodeIgniter\CodeIgniter->run()
 5 SYSTEMPATH\Boot.php(67): CodeIgniter\Boot::runCodeIgniter(Object(CodeIgniter\CodeIgniter))
 6 FCPATH\index.php(56): CodeIgniter\Boot::bootWeb(Object(Config\Paths))
 7 SYSTEMPATH\rewrite.php(44): require_once('F:\\Program Yang Dikerjakan Saat ini\\2025\\icsback\\public\\index.php')
WARNING - 2025-03-06 09:18:08 --> [DEPRECATED] Creation of dynamic property App\Controllers\SupplierController::$Supplier is deprecated in APPPATH\Controllers\SupplierController.php on line 17.
 1 SYSTEMPATH\CodeIgniter.php(903): App\Controllers\SupplierController->__construct()
 2 SYSTEMPATH\CodeIgniter.php(498): CodeIgniter\CodeIgniter->createController()
 3 SYSTEMPATH\CodeIgniter.php(354): CodeIgniter\CodeIgniter->handleRequest(null, Object(Config\Cache), false)
 4 SYSTEMPATH\Boot.php(334): CodeIgniter\CodeIgniter->run()
 5 SYSTEMPATH\Boot.php(67): CodeIgniter\Boot::runCodeIgniter(Object(CodeIgniter\CodeIgniter))
 6 FCPATH\index.php(56): CodeIgniter\Boot::bootWeb(Object(Config\Paths))
 7 SYSTEMPATH\rewrite.php(44): require_once('F:\\Program Yang Dikerjakan Saat ini\\2025\\icsback\\public\\index.php')
WARNING - 2025-03-06 09:22:12 --> [DEPRECATED] Creation of dynamic property App\Controllers\SupplierController::$Supplier is deprecated in APPPATH\Controllers\SupplierController.php on line 17.
 1 SYSTEMPATH\CodeIgniter.php(903): App\Controllers\SupplierController->__construct()
 2 SYSTEMPATH\CodeIgniter.php(498): CodeIgniter\CodeIgniter->createController()
 3 SYSTEMPATH\CodeIgniter.php(354): CodeIgniter\CodeIgniter->handleRequest(null, Object(Config\Cache), false)
 4 SYSTEMPATH\Boot.php(334): CodeIgniter\CodeIgniter->run()
 5 SYSTEMPATH\Boot.php(67): CodeIgniter\Boot::runCodeIgniter(Object(CodeIgniter\CodeIgniter))
 6 FCPATH\index.php(56): CodeIgniter\Boot::bootWeb(Object(Config\Paths))
 7 SYSTEMPATH\rewrite.php(44): require_once('F:\\Program Yang Dikerjakan Saat ini\\2025\\icsback\\public\\index.php')
WARNING - 2025-03-06 09:22:14 --> [DEPRECATED] Creation of dynamic property App\Controllers\SupplierController::$Supplier is deprecated in APPPATH\Controllers\SupplierController.php on line 17.
 1 SYSTEMPATH\CodeIgniter.php(903): App\Controllers\SupplierController->__construct()
 2 SYSTEMPATH\CodeIgniter.php(498): CodeIgniter\CodeIgniter->createController()
 3 SYSTEMPATH\CodeIgniter.php(354): CodeIgniter\CodeIgniter->handleRequest(null, Object(Config\Cache), false)
 4 SYSTEMPATH\Boot.php(334): CodeIgniter\CodeIgniter->run()
 5 SYSTEMPATH\Boot.php(67): CodeIgniter\Boot::runCodeIgniter(Object(CodeIgniter\CodeIgniter))
 6 FCPATH\index.php(56): CodeIgniter\Boot::bootWeb(Object(Config\Paths))
 7 SYSTEMPATH\rewrite.php(44): require_once('F:\\Program Yang Dikerjakan Saat ini\\2025\\icsback\\public\\index.php')
WARNING - 2025-03-06 09:23:17 --> [DEPRECATED] Creation of dynamic property App\Controllers\SupplierController::$Supplier is deprecated in APPPATH\Controllers\SupplierController.php on line 17.
 1 SYSTEMPATH\CodeIgniter.php(903): App\Controllers\SupplierController->__construct()
 2 SYSTEMPATH\CodeIgniter.php(498): CodeIgniter\CodeIgniter->createController()
 3 SYSTEMPATH\CodeIgniter.php(354): CodeIgniter\CodeIgniter->handleRequest(null, Object(Config\Cache), false)
 4 SYSTEMPATH\Boot.php(334): CodeIgniter\CodeIgniter->run()
 5 SYSTEMPATH\Boot.php(67): CodeIgniter\Boot::runCodeIgniter(Object(CodeIgniter\CodeIgniter))
 6 FCPATH\index.php(56): CodeIgniter\Boot::bootWeb(Object(Config\Paths))
 7 SYSTEMPATH\rewrite.php(44): require_once('F:\\Program Yang Dikerjakan Saat ini\\2025\\icsback\\public\\index.php')
WARNING - 2025-03-06 09:23:19 --> [DEPRECATED] Creation of dynamic property App\Controllers\SupplierController::$Supplier is deprecated in APPPATH\Controllers\SupplierController.php on line 17.
 1 SYSTEMPATH\CodeIgniter.php(903): App\Controllers\SupplierController->__construct()
 2 SYSTEMPATH\CodeIgniter.php(498): CodeIgniter\CodeIgniter->createController()
 3 SYSTEMPATH\CodeIgniter.php(354): CodeIgniter\CodeIgniter->handleRequest(null, Object(Config\Cache), false)
 4 SYSTEMPATH\Boot.php(334): CodeIgniter\CodeIgniter->run()
 5 SYSTEMPATH\Boot.php(67): CodeIgniter\Boot::runCodeIgniter(Object(CodeIgniter\CodeIgniter))
 6 FCPATH\index.php(56): CodeIgniter\Boot::bootWeb(Object(Config\Paths))
 7 SYSTEMPATH\rewrite.php(44): require_once('F:\\Program Yang Dikerjakan Saat ini\\2025\\icsback\\public\\index.php')
WARNING - 2025-03-06 09:23:25 --> [DEPRECATED] Creation of dynamic property App\Controllers\SupplierController::$Supplier is deprecated in APPPATH\Controllers\SupplierController.php on line 17.
 1 SYSTEMPATH\CodeIgniter.php(903): App\Controllers\SupplierController->__construct()
 2 SYSTEMPATH\CodeIgniter.php(498): CodeIgniter\CodeIgniter->createController()
 3 SYSTEMPATH\CodeIgniter.php(354): CodeIgniter\CodeIgniter->handleRequest(null, Object(Config\Cache), false)
 4 SYSTEMPATH\Boot.php(334): CodeIgniter\CodeIgniter->run()
 5 SYSTEMPATH\Boot.php(67): CodeIgniter\Boot::runCodeIgniter(Object(CodeIgniter\CodeIgniter))
 6 FCPATH\index.php(56): CodeIgniter\Boot::bootWeb(Object(Config\Paths))
 7 SYSTEMPATH\rewrite.php(44): require_once('F:\\Program Yang Dikerjakan Saat ini\\2025\\icsback\\public\\index.php')
WARNING - 2025-03-06 09:23:28 --> [DEPRECATED] Creation of dynamic property App\Controllers\SupplierController::$Supplier is deprecated in APPPATH\Controllers\SupplierController.php on line 17.
 1 SYSTEMPATH\CodeIgniter.php(903): App\Controllers\SupplierController->__construct()
 2 SYSTEMPATH\CodeIgniter.php(498): CodeIgniter\CodeIgniter->createController()
 3 SYSTEMPATH\CodeIgniter.php(354): CodeIgniter\CodeIgniter->handleRequest(null, Object(Config\Cache), false)
 4 SYSTEMPATH\Boot.php(334): CodeIgniter\CodeIgniter->run()
 5 SYSTEMPATH\Boot.php(67): CodeIgniter\Boot::runCodeIgniter(Object(CodeIgniter\CodeIgniter))
 6 FCPATH\index.php(56): CodeIgniter\Boot::bootWeb(Object(Config\Paths))
 7 SYSTEMPATH\rewrite.php(44): require_once('F:\\Program Yang Dikerjakan Saat ini\\2025\\icsback\\public\\index.php')
WARNING - 2025-03-06 09:23:42 --> [DEPRECATED] Creation of dynamic property App\Controllers\SupplierController::$Supplier is deprecated in APPPATH\Controllers\SupplierController.php on line 17.
 1 SYSTEMPATH\CodeIgniter.php(903): App\Controllers\SupplierController->__construct()
 2 SYSTEMPATH\CodeIgniter.php(498): CodeIgniter\CodeIgniter->createController()
 3 SYSTEMPATH\CodeIgniter.php(354): CodeIgniter\CodeIgniter->handleRequest(null, Object(Config\Cache), false)
 4 SYSTEMPATH\Boot.php(334): CodeIgniter\CodeIgniter->run()
 5 SYSTEMPATH\Boot.php(67): CodeIgniter\Boot::runCodeIgniter(Object(CodeIgniter\CodeIgniter))
 6 FCPATH\index.php(56): CodeIgniter\Boot::bootWeb(Object(Config\Paths))
 7 SYSTEMPATH\rewrite.php(44): require_once('F:\\Program Yang Dikerjakan Saat ini\\2025\\icsback\\public\\index.php')
WARNING - 2025-03-06 09:23:44 --> [DEPRECATED] Creation of dynamic property App\Controllers\SupplierController::$Supplier is deprecated in APPPATH\Controllers\SupplierController.php on line 17.
 1 SYSTEMPATH\CodeIgniter.php(903): App\Controllers\SupplierController->__construct()
 2 SYSTEMPATH\CodeIgniter.php(498): CodeIgniter\CodeIgniter->createController()
 3 SYSTEMPATH\CodeIgniter.php(354): CodeIgniter\CodeIgniter->handleRequest(null, Object(Config\Cache), false)
 4 SYSTEMPATH\Boot.php(334): CodeIgniter\CodeIgniter->run()
 5 SYSTEMPATH\Boot.php(67): CodeIgniter\Boot::runCodeIgniter(Object(CodeIgniter\CodeIgniter))
 6 FCPATH\index.php(56): CodeIgniter\Boot::bootWeb(Object(Config\Paths))
 7 SYSTEMPATH\rewrite.php(44): require_once('F:\\Program Yang Dikerjakan Saat ini\\2025\\icsback\\public\\index.php')
WARNING - 2025-03-06 09:24:09 --> [DEPRECATED] Creation of dynamic property App\Controllers\SupplierController::$Supplier is deprecated in APPPATH\Controllers\SupplierController.php on line 17.
 1 SYSTEMPATH\CodeIgniter.php(903): App\Controllers\SupplierController->__construct()
 2 SYSTEMPATH\CodeIgniter.php(498): CodeIgniter\CodeIgniter->createController()
 3 SYSTEMPATH\CodeIgniter.php(354): CodeIgniter\CodeIgniter->handleRequest(null, Object(Config\Cache), false)
 4 SYSTEMPATH\Boot.php(334): CodeIgniter\CodeIgniter->run()
 5 SYSTEMPATH\Boot.php(67): CodeIgniter\Boot::runCodeIgniter(Object(CodeIgniter\CodeIgniter))
 6 FCPATH\index.php(56): CodeIgniter\Boot::bootWeb(Object(Config\Paths))
 7 SYSTEMPATH\rewrite.php(44): require_once('F:\\Program Yang Dikerjakan Saat ini\\2025\\icsback\\public\\index.php')
WARNING - 2025-03-06 09:24:12 --> [DEPRECATED] Creation of dynamic property App\Controllers\SupplierController::$Supplier is deprecated in APPPATH\Controllers\SupplierController.php on line 17.
 1 SYSTEMPATH\CodeIgniter.php(903): App\Controllers\SupplierController->__construct()
 2 SYSTEMPATH\CodeIgniter.php(498): CodeIgniter\CodeIgniter->createController()
 3 SYSTEMPATH\CodeIgniter.php(354): CodeIgniter\CodeIgniter->handleRequest(null, Object(Config\Cache), false)
 4 SYSTEMPATH\Boot.php(334): CodeIgniter\CodeIgniter->run()
 5 SYSTEMPATH\Boot.php(67): CodeIgniter\Boot::runCodeIgniter(Object(CodeIgniter\CodeIgniter))
 6 FCPATH\index.php(56): CodeIgniter\Boot::bootWeb(Object(Config\Paths))
 7 SYSTEMPATH\rewrite.php(44): require_once('F:\\Program Yang Dikerjakan Saat ini\\2025\\icsback\\public\\index.php')
WARNING - 2025-03-06 09:32:33 --> [DEPRECATED] Creation of dynamic property App\Controllers\SupplierController::$Supplier is deprecated in APPPATH\Controllers\SupplierController.php on line 17.
 1 SYSTEMPATH\CodeIgniter.php(903): App\Controllers\SupplierController->__construct()
 2 SYSTEMPATH\CodeIgniter.php(498): CodeIgniter\CodeIgniter->createController()
 3 SYSTEMPATH\CodeIgniter.php(354): CodeIgniter\CodeIgniter->handleRequest(null, Object(Config\Cache), false)
 4 SYSTEMPATH\Boot.php(334): CodeIgniter\CodeIgniter->run()
 5 SYSTEMPATH\Boot.php(67): CodeIgniter\Boot::runCodeIgniter(Object(CodeIgniter\CodeIgniter))
 6 FCPATH\index.php(56): CodeIgniter\Boot::bootWeb(Object(Config\Paths))
 7 SYSTEMPATH\rewrite.php(44): require_once('F:\\Program Yang Dikerjakan Saat ini\\2025\\icsback\\public\\index.php')
WARNING - 2025-03-06 09:32:35 --> [DEPRECATED] Creation of dynamic property App\Controllers\SupplierController::$Supplier is deprecated in APPPATH\Controllers\SupplierController.php on line 17.
 1 SYSTEMPATH\CodeIgniter.php(903): App\Controllers\SupplierController->__construct()
 2 SYSTEMPATH\CodeIgniter.php(498): CodeIgniter\CodeIgniter->createController()
 3 SYSTEMPATH\CodeIgniter.php(354): CodeIgniter\CodeIgniter->handleRequest(null, Object(Config\Cache), false)
 4 SYSTEMPATH\Boot.php(334): CodeIgniter\CodeIgniter->run()
 5 SYSTEMPATH\Boot.php(67): CodeIgniter\Boot::runCodeIgniter(Object(CodeIgniter\CodeIgniter))
 6 FCPATH\index.php(56): CodeIgniter\Boot::bootWeb(Object(Config\Paths))
 7 SYSTEMPATH\rewrite.php(44): require_once('F:\\Program Yang Dikerjakan Saat ini\\2025\\icsback\\public\\index.php')
WARNING - 2025-03-06 09:32:37 --> [DEPRECATED] Creation of dynamic property App\Controllers\SupplierController::$Supplier is deprecated in APPPATH\Controllers\SupplierController.php on line 17.
 1 SYSTEMPATH\CodeIgniter.php(903): App\Controllers\SupplierController->__construct()
 2 SYSTEMPATH\CodeIgniter.php(498): CodeIgniter\CodeIgniter->createController()
 3 SYSTEMPATH\CodeIgniter.php(354): CodeIgniter\CodeIgniter->handleRequest(null, Object(Config\Cache), false)
 4 SYSTEMPATH\Boot.php(334): CodeIgniter\CodeIgniter->run()
 5 SYSTEMPATH\Boot.php(67): CodeIgniter\Boot::runCodeIgniter(Object(CodeIgniter\CodeIgniter))
 6 FCPATH\index.php(56): CodeIgniter\Boot::bootWeb(Object(Config\Paths))
 7 SYSTEMPATH\rewrite.php(44): require_once('F:\\Program Yang Dikerjakan Saat ini\\2025\\icsback\\public\\index.php')
WARNING - 2025-03-06 09:32:39 --> [DEPRECATED] Creation of dynamic property App\Controllers\SupplierController::$Supplier is deprecated in APPPATH\Controllers\SupplierController.php on line 17.
 1 SYSTEMPATH\CodeIgniter.php(903): App\Controllers\SupplierController->__construct()
 2 SYSTEMPATH\CodeIgniter.php(498): CodeIgniter\CodeIgniter->createController()
 3 SYSTEMPATH\CodeIgniter.php(354): CodeIgniter\CodeIgniter->handleRequest(null, Object(Config\Cache), false)
 4 SYSTEMPATH\Boot.php(334): CodeIgniter\CodeIgniter->run()
 5 SYSTEMPATH\Boot.php(67): CodeIgniter\Boot::runCodeIgniter(Object(CodeIgniter\CodeIgniter))
 6 FCPATH\index.php(56): CodeIgniter\Boot::bootWeb(Object(Config\Paths))
 7 SYSTEMPATH\rewrite.php(44): require_once('F:\\Program Yang Dikerjakan Saat ini\\2025\\icsback\\public\\index.php')
WARNING - 2025-03-06 09:32:40 --> [DEPRECATED] Creation of dynamic property App\Controllers\SupplierController::$Supplier is deprecated in APPPATH\Controllers\SupplierController.php on line 17.
 1 SYSTEMPATH\CodeIgniter.php(903): App\Controllers\SupplierController->__construct()
 2 SYSTEMPATH\CodeIgniter.php(498): CodeIgniter\CodeIgniter->createController()
 3 SYSTEMPATH\CodeIgniter.php(354): CodeIgniter\CodeIgniter->handleRequest(null, Object(Config\Cache), false)
 4 SYSTEMPATH\Boot.php(334): CodeIgniter\CodeIgniter->run()
 5 SYSTEMPATH\Boot.php(67): CodeIgniter\Boot::runCodeIgniter(Object(CodeIgniter\CodeIgniter))
 6 FCPATH\index.php(56): CodeIgniter\Boot::bootWeb(Object(Config\Paths))
 7 SYSTEMPATH\rewrite.php(44): require_once('F:\\Program Yang Dikerjakan Saat ini\\2025\\icsback\\public\\index.php')
WARNING - 2025-03-06 09:32:41 --> [DEPRECATED] Creation of dynamic property App\Controllers\SupplierController::$Supplier is deprecated in APPPATH\Controllers\SupplierController.php on line 17.
 1 SYSTEMPATH\CodeIgniter.php(903): App\Controllers\SupplierController->__construct()
 2 SYSTEMPATH\CodeIgniter.php(498): CodeIgniter\CodeIgniter->createController()
 3 SYSTEMPATH\CodeIgniter.php(354): CodeIgniter\CodeIgniter->handleRequest(null, Object(Config\Cache), false)
 4 SYSTEMPATH\Boot.php(334): CodeIgniter\CodeIgniter->run()
 5 SYSTEMPATH\Boot.php(67): CodeIgniter\Boot::runCodeIgniter(Object(CodeIgniter\CodeIgniter))
 6 FCPATH\index.php(56): CodeIgniter\Boot::bootWeb(Object(Config\Paths))
 7 SYSTEMPATH\rewrite.php(44): require_once('F:\\Program Yang Dikerjakan Saat ini\\2025\\icsback\\public\\index.php')
WARNING - 2025-03-06 09:32:44 --> [DEPRECATED] Creation of dynamic property App\Controllers\SupplierController::$Supplier is deprecated in APPPATH\Controllers\SupplierController.php on line 17.
 1 SYSTEMPATH\CodeIgniter.php(903): App\Controllers\SupplierController->__construct()
 2 SYSTEMPATH\CodeIgniter.php(498): CodeIgniter\CodeIgniter->createController()
 3 SYSTEMPATH\CodeIgniter.php(354): CodeIgniter\CodeIgniter->handleRequest(null, Object(Config\Cache), false)
 4 SYSTEMPATH\Boot.php(334): CodeIgniter\CodeIgniter->run()
 5 SYSTEMPATH\Boot.php(67): CodeIgniter\Boot::runCodeIgniter(Object(CodeIgniter\CodeIgniter))
 6 FCPATH\index.php(56): CodeIgniter\Boot::bootWeb(Object(Config\Paths))
 7 SYSTEMPATH\rewrite.php(44): require_once('F:\\Program Yang Dikerjakan Saat ini\\2025\\icsback\\public\\index.php')
WARNING - 2025-03-06 09:32:46 --> [DEPRECATED] Creation of dynamic property App\Controllers\SupplierController::$Supplier is deprecated in APPPATH\Controllers\SupplierController.php on line 17.
 1 SYSTEMPATH\CodeIgniter.php(903): App\Controllers\SupplierController->__construct()
 2 SYSTEMPATH\CodeIgniter.php(498): CodeIgniter\CodeIgniter->createController()
 3 SYSTEMPATH\CodeIgniter.php(354): CodeIgniter\CodeIgniter->handleRequest(null, Object(Config\Cache), false)
 4 SYSTEMPATH\Boot.php(334): CodeIgniter\CodeIgniter->run()
 5 SYSTEMPATH\Boot.php(67): CodeIgniter\Boot::runCodeIgniter(Object(CodeIgniter\CodeIgniter))
 6 FCPATH\index.php(56): CodeIgniter\Boot::bootWeb(Object(Config\Paths))
 7 SYSTEMPATH\rewrite.php(44): require_once('F:\\Program Yang Dikerjakan Saat ini\\2025\\icsback\\public\\index.php')
WARNING - 2025-03-06 09:32:47 --> [DEPRECATED] Creation of dynamic property App\Controllers\SupplierController::$Supplier is deprecated in APPPATH\Controllers\SupplierController.php on line 17.
 1 SYSTEMPATH\CodeIgniter.php(903): App\Controllers\SupplierController->__construct()
 2 SYSTEMPATH\CodeIgniter.php(498): CodeIgniter\CodeIgniter->createController()
 3 SYSTEMPATH\CodeIgniter.php(354): CodeIgniter\CodeIgniter->handleRequest(null, Object(Config\Cache), false)
 4 SYSTEMPATH\Boot.php(334): CodeIgniter\CodeIgniter->run()
 5 SYSTEMPATH\Boot.php(67): CodeIgniter\Boot::runCodeIgniter(Object(CodeIgniter\CodeIgniter))
 6 FCPATH\index.php(56): CodeIgniter\Boot::bootWeb(Object(Config\Paths))
 7 SYSTEMPATH\rewrite.php(44): require_once('F:\\Program Yang Dikerjakan Saat ini\\2025\\icsback\\public\\index.php')
WARNING - 2025-03-06 09:32:49 --> [DEPRECATED] Creation of dynamic property App\Controllers\SupplierController::$Supplier is deprecated in APPPATH\Controllers\SupplierController.php on line 17.
 1 SYSTEMPATH\CodeIgniter.php(903): App\Controllers\SupplierController->__construct()
 2 SYSTEMPATH\CodeIgniter.php(498): CodeIgniter\CodeIgniter->createController()
 3 SYSTEMPATH\CodeIgniter.php(354): CodeIgniter\CodeIgniter->handleRequest(null, Object(Config\Cache), false)
 4 SYSTEMPATH\Boot.php(334): CodeIgniter\CodeIgniter->run()
 5 SYSTEMPATH\Boot.php(67): CodeIgniter\Boot::runCodeIgniter(Object(CodeIgniter\CodeIgniter))
 6 FCPATH\index.php(56): CodeIgniter\Boot::bootWeb(Object(Config\Paths))
 7 SYSTEMPATH\rewrite.php(44): require_once('F:\\Program Yang Dikerjakan Saat ini\\2025\\icsback\\public\\index.php')
WARNING - 2025-03-06 09:32:50 --> [DEPRECATED] Creation of dynamic property App\Controllers\SupplierController::$Supplier is deprecated in APPPATH\Controllers\SupplierController.php on line 17.
 1 SYSTEMPATH\CodeIgniter.php(903): App\Controllers\SupplierController->__construct()
 2 SYSTEMPATH\CodeIgniter.php(498): CodeIgniter\CodeIgniter->createController()
 3 SYSTEMPATH\CodeIgniter.php(354): CodeIgniter\CodeIgniter->handleRequest(null, Object(Config\Cache), false)
 4 SYSTEMPATH\Boot.php(334): CodeIgniter\CodeIgniter->run()
 5 SYSTEMPATH\Boot.php(67): CodeIgniter\Boot::runCodeIgniter(Object(CodeIgniter\CodeIgniter))
 6 FCPATH\index.php(56): CodeIgniter\Boot::bootWeb(Object(Config\Paths))
 7 SYSTEMPATH\rewrite.php(44): require_once('F:\\Program Yang Dikerjakan Saat ini\\2025\\icsback\\public\\index.php')
WARNING - 2025-03-06 09:32:52 --> [DEPRECATED] Creation of dynamic property App\Controllers\SupplierController::$Supplier is deprecated in APPPATH\Controllers\SupplierController.php on line 17.
 1 SYSTEMPATH\CodeIgniter.php(903): App\Controllers\SupplierController->__construct()
 2 SYSTEMPATH\CodeIgniter.php(498): CodeIgniter\CodeIgniter->createController()
 3 SYSTEMPATH\CodeIgniter.php(354): CodeIgniter\CodeIgniter->handleRequest(null, Object(Config\Cache), false)
 4 SYSTEMPATH\Boot.php(334): CodeIgniter\CodeIgniter->run()
 5 SYSTEMPATH\Boot.php(67): CodeIgniter\Boot::runCodeIgniter(Object(CodeIgniter\CodeIgniter))
 6 FCPATH\index.php(56): CodeIgniter\Boot::bootWeb(Object(Config\Paths))
 7 SYSTEMPATH\rewrite.php(44): require_once('F:\\Program Yang Dikerjakan Saat ini\\2025\\icsback\\public\\index.php')
WARNING - 2025-03-06 09:34:07 --> [DEPRECATED] Creation of dynamic property App\Controllers\SupplierController::$Supplier is deprecated in APPPATH\Controllers\SupplierController.php on line 17.
 1 SYSTEMPATH\CodeIgniter.php(903): App\Controllers\SupplierController->__construct()
 2 SYSTEMPATH\CodeIgniter.php(498): CodeIgniter\CodeIgniter->createController()
 3 SYSTEMPATH\CodeIgniter.php(354): CodeIgniter\CodeIgniter->handleRequest(null, Object(Config\Cache), false)
 4 SYSTEMPATH\Boot.php(334): CodeIgniter\CodeIgniter->run()
 5 SYSTEMPATH\Boot.php(67): CodeIgniter\Boot::runCodeIgniter(Object(CodeIgniter\CodeIgniter))
 6 FCPATH\index.php(56): CodeIgniter\Boot::bootWeb(Object(Config\Paths))
 7 SYSTEMPATH\rewrite.php(44): require_once('F:\\Program Yang Dikerjakan Saat ini\\2025\\icsback\\public\\index.php')
WARNING - 2025-03-06 09:34:09 --> [DEPRECATED] Creation of dynamic property App\Controllers\SupplierController::$Supplier is deprecated in APPPATH\Controllers\SupplierController.php on line 17.
 1 SYSTEMPATH\CodeIgniter.php(903): App\Controllers\SupplierController->__construct()
 2 SYSTEMPATH\CodeIgniter.php(498): CodeIgniter\CodeIgniter->createController()
 3 SYSTEMPATH\CodeIgniter.php(354): CodeIgniter\CodeIgniter->handleRequest(null, Object(Config\Cache), false)
 4 SYSTEMPATH\Boot.php(334): CodeIgniter\CodeIgniter->run()
 5 SYSTEMPATH\Boot.php(67): CodeIgniter\Boot::runCodeIgniter(Object(CodeIgniter\CodeIgniter))
 6 FCPATH\index.php(56): CodeIgniter\Boot::bootWeb(Object(Config\Paths))
 7 SYSTEMPATH\rewrite.php(44): require_once('F:\\Program Yang Dikerjakan Saat ini\\2025\\icsback\\public\\index.php')
WARNING - 2025-03-06 09:38:33 --> [DEPRECATED] Creation of dynamic property App\Controllers\SupplierController::$Supplier is deprecated in APPPATH\Controllers\SupplierController.php on line 17.
 1 SYSTEMPATH\CodeIgniter.php(903): App\Controllers\SupplierController->__construct()
 2 SYSTEMPATH\CodeIgniter.php(498): CodeIgniter\CodeIgniter->createController()
 3 SYSTEMPATH\CodeIgniter.php(354): CodeIgniter\CodeIgniter->handleRequest(null, Object(Config\Cache), false)
 4 SYSTEMPATH\Boot.php(334): CodeIgniter\CodeIgniter->run()
 5 SYSTEMPATH\Boot.php(67): CodeIgniter\Boot::runCodeIgniter(Object(CodeIgniter\CodeIgniter))
 6 FCPATH\index.php(56): CodeIgniter\Boot::bootWeb(Object(Config\Paths))
 7 SYSTEMPATH\rewrite.php(44): require_once('F:\\Program Yang Dikerjakan Saat ini\\2025\\icsback\\public\\index.php')
WARNING - 2025-03-06 09:38:35 --> [DEPRECATED] Creation of dynamic property App\Controllers\SupplierController::$Supplier is deprecated in APPPATH\Controllers\SupplierController.php on line 17.
 1 SYSTEMPATH\CodeIgniter.php(903): App\Controllers\SupplierController->__construct()
 2 SYSTEMPATH\CodeIgniter.php(498): CodeIgniter\CodeIgniter->createController()
 3 SYSTEMPATH\CodeIgniter.php(354): CodeIgniter\CodeIgniter->handleRequest(null, Object(Config\Cache), false)
 4 SYSTEMPATH\Boot.php(334): CodeIgniter\CodeIgniter->run()
 5 SYSTEMPATH\Boot.php(67): CodeIgniter\Boot::runCodeIgniter(Object(CodeIgniter\CodeIgniter))
 6 FCPATH\index.php(56): CodeIgniter\Boot::bootWeb(Object(Config\Paths))
 7 SYSTEMPATH\rewrite.php(44): require_once('F:\\Program Yang Dikerjakan Saat ini\\2025\\icsback\\public\\index.php')
WARNING - 2025-03-06 09:44:52 --> [DEPRECATED] Creation of dynamic property App\Controllers\SupplierController::$Supplier is deprecated in APPPATH\Controllers\SupplierController.php on line 17.
 1 SYSTEMPATH\CodeIgniter.php(903): App\Controllers\SupplierController->__construct()
 2 SYSTEMPATH\CodeIgniter.php(498): CodeIgniter\CodeIgniter->createController()
 3 SYSTEMPATH\CodeIgniter.php(354): CodeIgniter\CodeIgniter->handleRequest(null, Object(Config\Cache), false)
 4 SYSTEMPATH\Boot.php(334): CodeIgniter\CodeIgniter->run()
 5 SYSTEMPATH\Boot.php(67): CodeIgniter\Boot::runCodeIgniter(Object(CodeIgniter\CodeIgniter))
 6 FCPATH\index.php(56): CodeIgniter\Boot::bootWeb(Object(Config\Paths))
 7 SYSTEMPATH\rewrite.php(44): require_once('F:\\Program Yang Dikerjakan Saat ini\\2025\\icsback\\public\\index.php')
WARNING - 2025-03-06 09:44:53 --> [DEPRECATED] Creation of dynamic property App\Controllers\SupplierController::$Supplier is deprecated in APPPATH\Controllers\SupplierController.php on line 17.
 1 SYSTEMPATH\CodeIgniter.php(903): App\Controllers\SupplierController->__construct()
 2 SYSTEMPATH\CodeIgniter.php(498): CodeIgniter\CodeIgniter->createController()
 3 SYSTEMPATH\CodeIgniter.php(354): CodeIgniter\CodeIgniter->handleRequest(null, Object(Config\Cache), false)
 4 SYSTEMPATH\Boot.php(334): CodeIgniter\CodeIgniter->run()
 5 SYSTEMPATH\Boot.php(67): CodeIgniter\Boot::runCodeIgniter(Object(CodeIgniter\CodeIgniter))
 6 FCPATH\index.php(56): CodeIgniter\Boot::bootWeb(Object(Config\Paths))
 7 SYSTEMPATH\rewrite.php(44): require_once('F:\\Program Yang Dikerjakan Saat ini\\2025\\icsback\\public\\index.php')
WARNING - 2025-03-06 09:45:35 --> [DEPRECATED] Creation of dynamic property App\Controllers\SupplierController::$Supplier is deprecated in APPPATH\Controllers\SupplierController.php on line 17.
 1 SYSTEMPATH\CodeIgniter.php(903): App\Controllers\SupplierController->__construct()
 2 SYSTEMPATH\CodeIgniter.php(498): CodeIgniter\CodeIgniter->createController()
 3 SYSTEMPATH\CodeIgniter.php(354): CodeIgniter\CodeIgniter->handleRequest(null, Object(Config\Cache), false)
 4 SYSTEMPATH\Boot.php(334): CodeIgniter\CodeIgniter->run()
 5 SYSTEMPATH\Boot.php(67): CodeIgniter\Boot::runCodeIgniter(Object(CodeIgniter\CodeIgniter))
 6 FCPATH\index.php(56): CodeIgniter\Boot::bootWeb(Object(Config\Paths))
 7 SYSTEMPATH\rewrite.php(44): require_once('F:\\Program Yang Dikerjakan Saat ini\\2025\\icsback\\public\\index.php')
WARNING - 2025-03-06 09:45:36 --> [DEPRECATED] Creation of dynamic property App\Controllers\SupplierController::$Supplier is deprecated in APPPATH\Controllers\SupplierController.php on line 17.
 1 SYSTEMPATH\CodeIgniter.php(903): App\Controllers\SupplierController->__construct()
 2 SYSTEMPATH\CodeIgniter.php(498): CodeIgniter\CodeIgniter->createController()
 3 SYSTEMPATH\CodeIgniter.php(354): CodeIgniter\CodeIgniter->handleRequest(null, Object(Config\Cache), false)
 4 SYSTEMPATH\Boot.php(334): CodeIgniter\CodeIgniter->run()
 5 SYSTEMPATH\Boot.php(67): CodeIgniter\Boot::runCodeIgniter(Object(CodeIgniter\CodeIgniter))
 6 FCPATH\index.php(56): CodeIgniter\Boot::bootWeb(Object(Config\Paths))
 7 SYSTEMPATH\rewrite.php(44): require_once('F:\\Program Yang Dikerjakan Saat ini\\2025\\icsback\\public\\index.php')
WARNING - 2025-03-06 09:46:45 --> [DEPRECATED] Creation of dynamic property App\Controllers\SupplierController::$Supplier is deprecated in APPPATH\Controllers\SupplierController.php on line 17.
 1 SYSTEMPATH\CodeIgniter.php(903): App\Controllers\SupplierController->__construct()
 2 SYSTEMPATH\CodeIgniter.php(498): CodeIgniter\CodeIgniter->createController()
 3 SYSTEMPATH\CodeIgniter.php(354): CodeIgniter\CodeIgniter->handleRequest(null, Object(Config\Cache), false)
 4 SYSTEMPATH\Boot.php(334): CodeIgniter\CodeIgniter->run()
 5 SYSTEMPATH\Boot.php(67): CodeIgniter\Boot::runCodeIgniter(Object(CodeIgniter\CodeIgniter))
 6 FCPATH\index.php(56): CodeIgniter\Boot::bootWeb(Object(Config\Paths))
 7 SYSTEMPATH\rewrite.php(44): require_once('F:\\Program Yang Dikerjakan Saat ini\\2025\\icsback\\public\\index.php')
CRITICAL - 2025-03-06 09:46:45 --> TypeError: CodeIgniter\Database\BaseBuilder::limit(): Argument #1 ($value) must be of type ?int, string given, called in F:\Program Yang Dikerjakan Saat ini\2025\icsback\system\Model.php on line 928
[Method: GET, Route: supplier]
in SYSTEMPATH\Database\BaseBuilder.php on line 1514.
 1 SYSTEMPATH\Model.php(928): CodeIgniter\Database\BaseBuilder->limit('10')
 2 APPPATH\Controllers\SupplierController.php(35): CodeIgniter\Model->__call('limit', [...])
 3 SYSTEMPATH\CodeIgniter.php(933): App\Controllers\SupplierController->index()
 4 SYSTEMPATH\CodeIgniter.php(507): CodeIgniter\CodeIgniter->runController(Object(App\Controllers\SupplierController))
 5 SYSTEMPATH\CodeIgniter.php(354): CodeIgniter\CodeIgniter->handleRequest(null, Object(Config\Cache), false)
 6 SYSTEMPATH\Boot.php(334): CodeIgniter\CodeIgniter->run()
 7 SYSTEMPATH\Boot.php(67): CodeIgniter\Boot::runCodeIgniter(Object(CodeIgniter\CodeIgniter))
 8 FCPATH\index.php(56): CodeIgniter\Boot::bootWeb(Object(Config\Paths))
 9 SYSTEMPATH\rewrite.php(44): require_once('F:\\Program Yang Dikerjakan Saat ini\\2025\\icsback\\public\\index.php')
WARNING - 2025-03-06 09:46:45 --> [DEPRECATED] Creation of dynamic property App\Controllers\SupplierController::$Supplier is deprecated in APPPATH\Controllers\SupplierController.php on line 17.
 1 SYSTEMPATH\CodeIgniter.php(903): App\Controllers\SupplierController->__construct()
 2 SYSTEMPATH\CodeIgniter.php(498): CodeIgniter\CodeIgniter->createController()
 3 SYSTEMPATH\CodeIgniter.php(354): CodeIgniter\CodeIgniter->handleRequest(null, Object(Config\Cache), false)
 4 SYSTEMPATH\Boot.php(334): CodeIgniter\CodeIgniter->run()
 5 SYSTEMPATH\Boot.php(67): CodeIgniter\Boot::runCodeIgniter(Object(CodeIgniter\CodeIgniter))
 6 FCPATH\index.php(56): CodeIgniter\Boot::bootWeb(Object(Config\Paths))
 7 SYSTEMPATH\rewrite.php(44): require_once('F:\\Program Yang Dikerjakan Saat ini\\2025\\icsback\\public\\index.php')
CRITICAL - 2025-03-06 09:46:45 --> TypeError: CodeIgniter\Database\BaseBuilder::limit(): Argument #1 ($value) must be of type ?int, string given, called in F:\Program Yang Dikerjakan Saat ini\2025\icsback\system\Model.php on line 928
[Method: GET, Route: supplier]
in SYSTEMPATH\Database\BaseBuilder.php on line 1514.
 1 SYSTEMPATH\Model.php(928): CodeIgniter\Database\BaseBuilder->limit('10')
 2 APPPATH\Controllers\SupplierController.php(35): CodeIgniter\Model->__call('limit', [...])
 3 SYSTEMPATH\CodeIgniter.php(933): App\Controllers\SupplierController->index()
 4 SYSTEMPATH\CodeIgniter.php(507): CodeIgniter\CodeIgniter->runController(Object(App\Controllers\SupplierController))
 5 SYSTEMPATH\CodeIgniter.php(354): CodeIgniter\CodeIgniter->handleRequest(null, Object(Config\Cache), false)
 6 SYSTEMPATH\Boot.php(334): CodeIgniter\CodeIgniter->run()
 7 SYSTEMPATH\Boot.php(67): CodeIgniter\Boot::runCodeIgniter(Object(CodeIgniter\CodeIgniter))
 8 FCPATH\index.php(56): CodeIgniter\Boot::bootWeb(Object(Config\Paths))
 9 SYSTEMPATH\rewrite.php(44): require_once('F:\\Program Yang Dikerjakan Saat ini\\2025\\icsback\\public\\index.php')
WARNING - 2025-03-06 09:47:03 --> [DEPRECATED] Creation of dynamic property App\Controllers\SupplierController::$Supplier is deprecated in APPPATH\Controllers\SupplierController.php on line 17.
 1 SYSTEMPATH\CodeIgniter.php(903): App\Controllers\SupplierController->__construct()
 2 SYSTEMPATH\CodeIgniter.php(498): CodeIgniter\CodeIgniter->createController()
 3 SYSTEMPATH\CodeIgniter.php(354): CodeIgniter\CodeIgniter->handleRequest(null, Object(Config\Cache), false)
 4 SYSTEMPATH\Boot.php(334): CodeIgniter\CodeIgniter->run()
 5 SYSTEMPATH\Boot.php(67): CodeIgniter\Boot::runCodeIgniter(Object(CodeIgniter\CodeIgniter))
 6 FCPATH\index.php(56): CodeIgniter\Boot::bootWeb(Object(Config\Paths))
 7 SYSTEMPATH\rewrite.php(44): require_once('F:\\Program Yang Dikerjakan Saat ini\\2025\\icsback\\public\\index.php')
CRITICAL - 2025-03-06 09:47:03 --> TypeError: CodeIgniter\Database\BaseBuilder::limit(): Argument #1 ($value) must be of type ?int, string given, called in F:\Program Yang Dikerjakan Saat ini\2025\icsback\system\Model.php on line 928
[Method: GET, Route: supplier]
in SYSTEMPATH\Database\BaseBuilder.php on line 1514.
 1 SYSTEMPATH\Model.php(928): CodeIgniter\Database\BaseBuilder->limit('10')
 2 APPPATH\Controllers\SupplierController.php(35): CodeIgniter\Model->__call('limit', [...])
 3 SYSTEMPATH\CodeIgniter.php(933): App\Controllers\SupplierController->index()
 4 SYSTEMPATH\CodeIgniter.php(507): CodeIgniter\CodeIgniter->runController(Object(App\Controllers\SupplierController))
 5 SYSTEMPATH\CodeIgniter.php(354): CodeIgniter\CodeIgniter->handleRequest(null, Object(Config\Cache), false)
 6 SYSTEMPATH\Boot.php(334): CodeIgniter\CodeIgniter->run()
 7 SYSTEMPATH\Boot.php(67): CodeIgniter\Boot::runCodeIgniter(Object(CodeIgniter\CodeIgniter))
 8 FCPATH\index.php(56): CodeIgniter\Boot::bootWeb(Object(Config\Paths))
 9 SYSTEMPATH\rewrite.php(44): require_once('F:\\Program Yang Dikerjakan Saat ini\\2025\\icsback\\public\\index.php')
WARNING - 2025-03-06 09:47:45 --> [DEPRECATED] Creation of dynamic property App\Controllers\SupplierController::$Supplier is deprecated in APPPATH\Controllers\SupplierController.php on line 17.
 1 SYSTEMPATH\CodeIgniter.php(903): App\Controllers\SupplierController->__construct()
 2 SYSTEMPATH\CodeIgniter.php(498): CodeIgniter\CodeIgniter->createController()
 3 SYSTEMPATH\CodeIgniter.php(354): CodeIgniter\CodeIgniter->handleRequest(null, Object(Config\Cache), false)
 4 SYSTEMPATH\Boot.php(334): CodeIgniter\CodeIgniter->run()
 5 SYSTEMPATH\Boot.php(67): CodeIgniter\Boot::runCodeIgniter(Object(CodeIgniter\CodeIgniter))
 6 FCPATH\index.php(56): CodeIgniter\Boot::bootWeb(Object(Config\Paths))
 7 SYSTEMPATH\rewrite.php(44): require_once('F:\\Program Yang Dikerjakan Saat ini\\2025\\icsback\\public\\index.php')
CRITICAL - 2025-03-06 09:47:45 --> TypeError: CodeIgniter\Database\BaseBuilder::limit(): Argument #1 ($value) must be of type ?int, float given, called in F:\Program Yang Dikerjakan Saat ini\2025\icsback\system\Model.php on line 928
[Method: GET, Route: supplier]
in SYSTEMPATH\Database\BaseBuilder.php on line 1514.
 1 SYSTEMPATH\Model.php(928): CodeIgniter\Database\BaseBuilder->limit(10.0)
 2 APPPATH\Controllers\SupplierController.php(35): CodeIgniter\Model->__call('limit', [...])
 3 SYSTEMPATH\CodeIgniter.php(933): App\Controllers\SupplierController->index()
 4 SYSTEMPATH\CodeIgniter.php(507): CodeIgniter\CodeIgniter->runController(Object(App\Controllers\SupplierController))
 5 SYSTEMPATH\CodeIgniter.php(354): CodeIgniter\CodeIgniter->handleRequest(null, Object(Config\Cache), false)
 6 SYSTEMPATH\Boot.php(334): CodeIgniter\CodeIgniter->run()
 7 SYSTEMPATH\Boot.php(67): CodeIgniter\Boot::runCodeIgniter(Object(CodeIgniter\CodeIgniter))
 8 FCPATH\index.php(56): CodeIgniter\Boot::bootWeb(Object(Config\Paths))
 9 SYSTEMPATH\rewrite.php(44): require_once('F:\\Program Yang Dikerjakan Saat ini\\2025\\icsback\\public\\index.php')
WARNING - 2025-03-06 09:48:13 --> [DEPRECATED] Creation of dynamic property App\Controllers\SupplierController::$Supplier is deprecated in APPPATH\Controllers\SupplierController.php on line 17.
 1 SYSTEMPATH\CodeIgniter.php(903): App\Controllers\SupplierController->__construct()
 2 SYSTEMPATH\CodeIgniter.php(498): CodeIgniter\CodeIgniter->createController()
 3 SYSTEMPATH\CodeIgniter.php(354): CodeIgniter\CodeIgniter->handleRequest(null, Object(Config\Cache), false)
 4 SYSTEMPATH\Boot.php(334): CodeIgniter\CodeIgniter->run()
 5 SYSTEMPATH\Boot.php(67): CodeIgniter\Boot::runCodeIgniter(Object(CodeIgniter\CodeIgniter))
 6 FCPATH\index.php(56): CodeIgniter\Boot::bootWeb(Object(Config\Paths))
 7 SYSTEMPATH\rewrite.php(44): require_once('F:\\Program Yang Dikerjakan Saat ini\\2025\\icsback\\public\\index.php')
WARNING - 2025-03-06 09:48:17 --> [DEPRECATED] Creation of dynamic property App\Controllers\SupplierController::$Supplier is deprecated in APPPATH\Controllers\SupplierController.php on line 17.
 1 SYSTEMPATH\CodeIgniter.php(903): App\Controllers\SupplierController->__construct()
 2 SYSTEMPATH\CodeIgniter.php(498): CodeIgniter\CodeIgniter->createController()
 3 SYSTEMPATH\CodeIgniter.php(354): CodeIgniter\CodeIgniter->handleRequest(null, Object(Config\Cache), false)
 4 SYSTEMPATH\Boot.php(334): CodeIgniter\CodeIgniter->run()
 5 SYSTEMPATH\Boot.php(67): CodeIgniter\Boot::runCodeIgniter(Object(CodeIgniter\CodeIgniter))
 6 FCPATH\index.php(56): CodeIgniter\Boot::bootWeb(Object(Config\Paths))
 7 SYSTEMPATH\rewrite.php(44): require_once('F:\\Program Yang Dikerjakan Saat ini\\2025\\icsback\\public\\index.php')
WARNING - 2025-03-06 09:48:18 --> [DEPRECATED] Creation of dynamic property App\Controllers\SupplierController::$Supplier is deprecated in APPPATH\Controllers\SupplierController.php on line 17.
 1 SYSTEMPATH\CodeIgniter.php(903): App\Controllers\SupplierController->__construct()
 2 SYSTEMPATH\CodeIgniter.php(498): CodeIgniter\CodeIgniter->createController()
 3 SYSTEMPATH\CodeIgniter.php(354): CodeIgniter\CodeIgniter->handleRequest(null, Object(Config\Cache), false)
 4 SYSTEMPATH\Boot.php(334): CodeIgniter\CodeIgniter->run()
 5 SYSTEMPATH\Boot.php(67): CodeIgniter\Boot::runCodeIgniter(Object(CodeIgniter\CodeIgniter))
 6 FCPATH\index.php(56): CodeIgniter\Boot::bootWeb(Object(Config\Paths))
 7 SYSTEMPATH\rewrite.php(44): require_once('F:\\Program Yang Dikerjakan Saat ini\\2025\\icsback\\public\\index.php')
WARNING - 2025-03-06 09:48:28 --> [DEPRECATED] Creation of dynamic property App\Controllers\SupplierController::$Supplier is deprecated in APPPATH\Controllers\SupplierController.php on line 17.
 1 SYSTEMPATH\CodeIgniter.php(903): App\Controllers\SupplierController->__construct()
 2 SYSTEMPATH\CodeIgniter.php(498): CodeIgniter\CodeIgniter->createController()
 3 SYSTEMPATH\CodeIgniter.php(354): CodeIgniter\CodeIgniter->handleRequest(null, Object(Config\Cache), false)
 4 SYSTEMPATH\Boot.php(334): CodeIgniter\CodeIgniter->run()
 5 SYSTEMPATH\Boot.php(67): CodeIgniter\Boot::runCodeIgniter(Object(CodeIgniter\CodeIgniter))
 6 FCPATH\index.php(56): CodeIgniter\Boot::bootWeb(Object(Config\Paths))
 7 SYSTEMPATH\rewrite.php(44): require_once('F:\\Program Yang Dikerjakan Saat ini\\2025\\icsback\\public\\index.php')
WARNING - 2025-03-06 09:48:29 --> [DEPRECATED] Creation of dynamic property App\Controllers\SupplierController::$Supplier is deprecated in APPPATH\Controllers\SupplierController.php on line 17.
 1 SYSTEMPATH\CodeIgniter.php(903): App\Controllers\SupplierController->__construct()
 2 SYSTEMPATH\CodeIgniter.php(498): CodeIgniter\CodeIgniter->createController()
 3 SYSTEMPATH\CodeIgniter.php(354): CodeIgniter\CodeIgniter->handleRequest(null, Object(Config\Cache), false)
 4 SYSTEMPATH\Boot.php(334): CodeIgniter\CodeIgniter->run()
 5 SYSTEMPATH\Boot.php(67): CodeIgniter\Boot::runCodeIgniter(Object(CodeIgniter\CodeIgniter))
 6 FCPATH\index.php(56): CodeIgniter\Boot::bootWeb(Object(Config\Paths))
 7 SYSTEMPATH\rewrite.php(44): require_once('F:\\Program Yang Dikerjakan Saat ini\\2025\\icsback\\public\\index.php')
WARNING - 2025-03-06 09:48:55 --> [DEPRECATED] Creation of dynamic property App\Controllers\SupplierController::$Supplier is deprecated in APPPATH\Controllers\SupplierController.php on line 17.
 1 SYSTEMPATH\CodeIgniter.php(903): App\Controllers\SupplierController->__construct()
 2 SYSTEMPATH\CodeIgniter.php(498): CodeIgniter\CodeIgniter->createController()
 3 SYSTEMPATH\CodeIgniter.php(354): CodeIgniter\CodeIgniter->handleRequest(null, Object(Config\Cache), false)
 4 SYSTEMPATH\Boot.php(334): CodeIgniter\CodeIgniter->run()
 5 SYSTEMPATH\Boot.php(67): CodeIgniter\Boot::runCodeIgniter(Object(CodeIgniter\CodeIgniter))
 6 FCPATH\index.php(56): CodeIgniter\Boot::bootWeb(Object(Config\Paths))
 7 SYSTEMPATH\rewrite.php(44): require_once('F:\\Program Yang Dikerjakan Saat ini\\2025\\icsback\\public\\index.php')
WARNING - 2025-03-06 09:48:57 --> [DEPRECATED] Creation of dynamic property App\Controllers\SupplierController::$Supplier is deprecated in APPPATH\Controllers\SupplierController.php on line 17.
 1 SYSTEMPATH\CodeIgniter.php(903): App\Controllers\SupplierController->__construct()
 2 SYSTEMPATH\CodeIgniter.php(498): CodeIgniter\CodeIgniter->createController()
 3 SYSTEMPATH\CodeIgniter.php(354): CodeIgniter\CodeIgniter->handleRequest(null, Object(Config\Cache), false)
 4 SYSTEMPATH\Boot.php(334): CodeIgniter\CodeIgniter->run()
 5 SYSTEMPATH\Boot.php(67): CodeIgniter\Boot::runCodeIgniter(Object(CodeIgniter\CodeIgniter))
 6 FCPATH\index.php(56): CodeIgniter\Boot::bootWeb(Object(Config\Paths))
 7 SYSTEMPATH\rewrite.php(44): require_once('F:\\Program Yang Dikerjakan Saat ini\\2025\\icsback\\public\\index.php')
WARNING - 2025-03-06 09:49:00 --> [DEPRECATED] Creation of dynamic property App\Controllers\SupplierController::$Supplier is deprecated in APPPATH\Controllers\SupplierController.php on line 17.
 1 SYSTEMPATH\CodeIgniter.php(903): App\Controllers\SupplierController->__construct()
 2 SYSTEMPATH\CodeIgniter.php(498): CodeIgniter\CodeIgniter->createController()
 3 SYSTEMPATH\CodeIgniter.php(354): CodeIgniter\CodeIgniter->handleRequest(null, Object(Config\Cache), false)
 4 SYSTEMPATH\Boot.php(334): CodeIgniter\CodeIgniter->run()
 5 SYSTEMPATH\Boot.php(67): CodeIgniter\Boot::runCodeIgniter(Object(CodeIgniter\CodeIgniter))
 6 FCPATH\index.php(56): CodeIgniter\Boot::bootWeb(Object(Config\Paths))
 7 SYSTEMPATH\rewrite.php(44): require_once('F:\\Program Yang Dikerjakan Saat ini\\2025\\icsback\\public\\index.php')
WARNING - 2025-03-06 09:49:05 --> [DEPRECATED] Creation of dynamic property App\Controllers\SupplierController::$Supplier is deprecated in APPPATH\Controllers\SupplierController.php on line 17.
 1 SYSTEMPATH\CodeIgniter.php(903): App\Controllers\SupplierController->__construct()
 2 SYSTEMPATH\CodeIgniter.php(498): CodeIgniter\CodeIgniter->createController()
 3 SYSTEMPATH\CodeIgniter.php(354): CodeIgniter\CodeIgniter->handleRequest(null, Object(Config\Cache), false)
 4 SYSTEMPATH\Boot.php(334): CodeIgniter\CodeIgniter->run()
 5 SYSTEMPATH\Boot.php(67): CodeIgniter\Boot::runCodeIgniter(Object(CodeIgniter\CodeIgniter))
 6 FCPATH\index.php(56): CodeIgniter\Boot::bootWeb(Object(Config\Paths))
 7 SYSTEMPATH\rewrite.php(44): require_once('F:\\Program Yang Dikerjakan Saat ini\\2025\\icsback\\public\\index.php')
WARNING - 2025-03-06 09:49:07 --> [DEPRECATED] Creation of dynamic property App\Controllers\SupplierController::$Supplier is deprecated in APPPATH\Controllers\SupplierController.php on line 17.
 1 SYSTEMPATH\CodeIgniter.php(903): App\Controllers\SupplierController->__construct()
 2 SYSTEMPATH\CodeIgniter.php(498): CodeIgniter\CodeIgniter->createController()
 3 SYSTEMPATH\CodeIgniter.php(354): CodeIgniter\CodeIgniter->handleRequest(null, Object(Config\Cache), false)
 4 SYSTEMPATH\Boot.php(334): CodeIgniter\CodeIgniter->run()
 5 SYSTEMPATH\Boot.php(67): CodeIgniter\Boot::runCodeIgniter(Object(CodeIgniter\CodeIgniter))
 6 FCPATH\index.php(56): CodeIgniter\Boot::bootWeb(Object(Config\Paths))
 7 SYSTEMPATH\rewrite.php(44): require_once('F:\\Program Yang Dikerjakan Saat ini\\2025\\icsback\\public\\index.php')
WARNING - 2025-03-06 09:49:08 --> [DEPRECATED] Creation of dynamic property App\Controllers\SupplierController::$Supplier is deprecated in APPPATH\Controllers\SupplierController.php on line 17.
 1 SYSTEMPATH\CodeIgniter.php(903): App\Controllers\SupplierController->__construct()
 2 SYSTEMPATH\CodeIgniter.php(498): CodeIgniter\CodeIgniter->createController()
 3 SYSTEMPATH\CodeIgniter.php(354): CodeIgniter\CodeIgniter->handleRequest(null, Object(Config\Cache), false)
 4 SYSTEMPATH\Boot.php(334): CodeIgniter\CodeIgniter->run()
 5 SYSTEMPATH\Boot.php(67): CodeIgniter\Boot::runCodeIgniter(Object(CodeIgniter\CodeIgniter))
 6 FCPATH\index.php(56): CodeIgniter\Boot::bootWeb(Object(Config\Paths))
 7 SYSTEMPATH\rewrite.php(44): require_once('F:\\Program Yang Dikerjakan Saat ini\\2025\\icsback\\public\\index.php')
WARNING - 2025-03-06 09:52:19 --> [DEPRECATED] Creation of dynamic property App\Controllers\SupplierController::$Supplier is deprecated in APPPATH\Controllers\SupplierController.php on line 17.
 1 SYSTEMPATH\CodeIgniter.php(903): App\Controllers\SupplierController->__construct()
 2 SYSTEMPATH\CodeIgniter.php(498): CodeIgniter\CodeIgniter->createController()
 3 SYSTEMPATH\CodeIgniter.php(354): CodeIgniter\CodeIgniter->handleRequest(null, Object(Config\Cache), false)
 4 SYSTEMPATH\Boot.php(334): CodeIgniter\CodeIgniter->run()
 5 SYSTEMPATH\Boot.php(67): CodeIgniter\Boot::runCodeIgniter(Object(CodeIgniter\CodeIgniter))
 6 FCPATH\index.php(56): CodeIgniter\Boot::bootWeb(Object(Config\Paths))
 7 SYSTEMPATH\rewrite.php(44): require_once('F:\\Program Yang Dikerjakan Saat ini\\2025\\icsback\\public\\index.php')
WARNING - 2025-03-06 09:52:20 --> [DEPRECATED] Creation of dynamic property App\Controllers\SupplierController::$Supplier is deprecated in APPPATH\Controllers\SupplierController.php on line 17.
 1 SYSTEMPATH\CodeIgniter.php(903): App\Controllers\SupplierController->__construct()
 2 SYSTEMPATH\CodeIgniter.php(498): CodeIgniter\CodeIgniter->createController()
 3 SYSTEMPATH\CodeIgniter.php(354): CodeIgniter\CodeIgniter->handleRequest(null, Object(Config\Cache), false)
 4 SYSTEMPATH\Boot.php(334): CodeIgniter\CodeIgniter->run()
 5 SYSTEMPATH\Boot.php(67): CodeIgniter\Boot::runCodeIgniter(Object(CodeIgniter\CodeIgniter))
 6 FCPATH\index.php(56): CodeIgniter\Boot::bootWeb(Object(Config\Paths))
 7 SYSTEMPATH\rewrite.php(44): require_once('F:\\Program Yang Dikerjakan Saat ini\\2025\\icsback\\public\\index.php')
WARNING - 2025-03-06 09:52:37 --> [DEPRECATED] Creation of dynamic property App\Controllers\SupplierController::$Supplier is deprecated in APPPATH\Controllers\SupplierController.php on line 17.
 1 SYSTEMPATH\CodeIgniter.php(903): App\Controllers\SupplierController->__construct()
 2 SYSTEMPATH\CodeIgniter.php(498): CodeIgniter\CodeIgniter->createController()
 3 SYSTEMPATH\CodeIgniter.php(354): CodeIgniter\CodeIgniter->handleRequest(null, Object(Config\Cache), false)
 4 SYSTEMPATH\Boot.php(334): CodeIgniter\CodeIgniter->run()
 5 SYSTEMPATH\Boot.php(67): CodeIgniter\Boot::runCodeIgniter(Object(CodeIgniter\CodeIgniter))
 6 FCPATH\index.php(56): CodeIgniter\Boot::bootWeb(Object(Config\Paths))
 7 SYSTEMPATH\rewrite.php(44): require_once('F:\\Program Yang Dikerjakan Saat ini\\2025\\icsback\\public\\index.php')
WARNING - 2025-03-06 09:52:38 --> [DEPRECATED] Creation of dynamic property App\Controllers\SupplierController::$Supplier is deprecated in APPPATH\Controllers\SupplierController.php on line 17.
 1 SYSTEMPATH\CodeIgniter.php(903): App\Controllers\SupplierController->__construct()
 2 SYSTEMPATH\CodeIgniter.php(498): CodeIgniter\CodeIgniter->createController()
 3 SYSTEMPATH\CodeIgniter.php(354): CodeIgniter\CodeIgniter->handleRequest(null, Object(Config\Cache), false)
 4 SYSTEMPATH\Boot.php(334): CodeIgniter\CodeIgniter->run()
 5 SYSTEMPATH\Boot.php(67): CodeIgniter\Boot::runCodeIgniter(Object(CodeIgniter\CodeIgniter))
 6 FCPATH\index.php(56): CodeIgniter\Boot::bootWeb(Object(Config\Paths))
 7 SYSTEMPATH\rewrite.php(44): require_once('F:\\Program Yang Dikerjakan Saat ini\\2025\\icsback\\public\\index.php')
WARNING - 2025-03-06 09:52:44 --> [DEPRECATED] Creation of dynamic property App\Controllers\SupplierController::$Supplier is deprecated in APPPATH\Controllers\SupplierController.php on line 17.
 1 SYSTEMPATH\CodeIgniter.php(903): App\Controllers\SupplierController->__construct()
 2 SYSTEMPATH\CodeIgniter.php(498): CodeIgniter\CodeIgniter->createController()
 3 SYSTEMPATH\CodeIgniter.php(354): CodeIgniter\CodeIgniter->handleRequest(null, Object(Config\Cache), false)
 4 SYSTEMPATH\Boot.php(334): CodeIgniter\CodeIgniter->run()
 5 SYSTEMPATH\Boot.php(67): CodeIgniter\Boot::runCodeIgniter(Object(CodeIgniter\CodeIgniter))
 6 FCPATH\index.php(56): CodeIgniter\Boot::bootWeb(Object(Config\Paths))
 7 SYSTEMPATH\rewrite.php(44): require_once('F:\\Program Yang Dikerjakan Saat ini\\2025\\icsback\\public\\index.php')
WARNING - 2025-03-06 09:52:45 --> [DEPRECATED] Creation of dynamic property App\Controllers\SupplierController::$Supplier is deprecated in APPPATH\Controllers\SupplierController.php on line 17.
 1 SYSTEMPATH\CodeIgniter.php(903): App\Controllers\SupplierController->__construct()
 2 SYSTEMPATH\CodeIgniter.php(498): CodeIgniter\CodeIgniter->createController()
 3 SYSTEMPATH\CodeIgniter.php(354): CodeIgniter\CodeIgniter->handleRequest(null, Object(Config\Cache), false)
 4 SYSTEMPATH\Boot.php(334): CodeIgniter\CodeIgniter->run()
 5 SYSTEMPATH\Boot.php(67): CodeIgniter\Boot::runCodeIgniter(Object(CodeIgniter\CodeIgniter))
 6 FCPATH\index.php(56): CodeIgniter\Boot::bootWeb(Object(Config\Paths))
 7 SYSTEMPATH\rewrite.php(44): require_once('F:\\Program Yang Dikerjakan Saat ini\\2025\\icsback\\public\\index.php')
WARNING - 2025-03-06 09:53:54 --> [DEPRECATED] Creation of dynamic property App\Controllers\SupplierController::$Supplier is deprecated in APPPATH\Controllers\SupplierController.php on line 17.
 1 SYSTEMPATH\CodeIgniter.php(903): App\Controllers\SupplierController->__construct()
 2 SYSTEMPATH\CodeIgniter.php(498): CodeIgniter\CodeIgniter->createController()
 3 SYSTEMPATH\CodeIgniter.php(354): CodeIgniter\CodeIgniter->handleRequest(null, Object(Config\Cache), false)
 4 SYSTEMPATH\Boot.php(334): CodeIgniter\CodeIgniter->run()
 5 SYSTEMPATH\Boot.php(67): CodeIgniter\Boot::runCodeIgniter(Object(CodeIgniter\CodeIgniter))
 6 FCPATH\index.php(56): CodeIgniter\Boot::bootWeb(Object(Config\Paths))
 7 SYSTEMPATH\rewrite.php(44): require_once('F:\\Program Yang Dikerjakan Saat ini\\2025\\icsback\\public\\index.php')
WARNING - 2025-03-06 09:53:58 --> [DEPRECATED] Creation of dynamic property App\Controllers\SupplierController::$Supplier is deprecated in APPPATH\Controllers\SupplierController.php on line 17.
 1 SYSTEMPATH\CodeIgniter.php(903): App\Controllers\SupplierController->__construct()
 2 SYSTEMPATH\CodeIgniter.php(498): CodeIgniter\CodeIgniter->createController()
 3 SYSTEMPATH\CodeIgniter.php(354): CodeIgniter\CodeIgniter->handleRequest(null, Object(Config\Cache), false)
 4 SYSTEMPATH\Boot.php(334): CodeIgniter\CodeIgniter->run()
 5 SYSTEMPATH\Boot.php(67): CodeIgniter\Boot::runCodeIgniter(Object(CodeIgniter\CodeIgniter))
 6 FCPATH\index.php(56): CodeIgniter\Boot::bootWeb(Object(Config\Paths))
 7 SYSTEMPATH\rewrite.php(44): require_once('F:\\Program Yang Dikerjakan Saat ini\\2025\\icsback\\public\\index.php')
WARNING - 2025-03-06 09:54:00 --> [DEPRECATED] Creation of dynamic property App\Controllers\SupplierController::$Supplier is deprecated in APPPATH\Controllers\SupplierController.php on line 17.
 1 SYSTEMPATH\CodeIgniter.php(903): App\Controllers\SupplierController->__construct()
 2 SYSTEMPATH\CodeIgniter.php(498): CodeIgniter\CodeIgniter->createController()
 3 SYSTEMPATH\CodeIgniter.php(354): CodeIgniter\CodeIgniter->handleRequest(null, Object(Config\Cache), false)
 4 SYSTEMPATH\Boot.php(334): CodeIgniter\CodeIgniter->run()
 5 SYSTEMPATH\Boot.php(67): CodeIgniter\Boot::runCodeIgniter(Object(CodeIgniter\CodeIgniter))
 6 FCPATH\index.php(56): CodeIgniter\Boot::bootWeb(Object(Config\Paths))
 7 SYSTEMPATH\rewrite.php(44): require_once('F:\\Program Yang Dikerjakan Saat ini\\2025\\icsback\\public\\index.php')
WARNING - 2025-03-06 09:54:02 --> [DEPRECATED] Creation of dynamic property App\Controllers\SupplierController::$Supplier is deprecated in APPPATH\Controllers\SupplierController.php on line 17.
 1 SYSTEMPATH\CodeIgniter.php(903): App\Controllers\SupplierController->__construct()
 2 SYSTEMPATH\CodeIgniter.php(498): CodeIgniter\CodeIgniter->createController()
 3 SYSTEMPATH\CodeIgniter.php(354): CodeIgniter\CodeIgniter->handleRequest(null, Object(Config\Cache), false)
 4 SYSTEMPATH\Boot.php(334): CodeIgniter\CodeIgniter->run()
 5 SYSTEMPATH\Boot.php(67): CodeIgniter\Boot::runCodeIgniter(Object(CodeIgniter\CodeIgniter))
 6 FCPATH\index.php(56): CodeIgniter\Boot::bootWeb(Object(Config\Paths))
 7 SYSTEMPATH\rewrite.php(44): require_once('F:\\Program Yang Dikerjakan Saat ini\\2025\\icsback\\public\\index.php')
WARNING - 2025-03-06 09:54:08 --> [DEPRECATED] Creation of dynamic property App\Controllers\SupplierController::$Supplier is deprecated in APPPATH\Controllers\SupplierController.php on line 17.
 1 SYSTEMPATH\CodeIgniter.php(903): App\Controllers\SupplierController->__construct()
 2 SYSTEMPATH\CodeIgniter.php(498): CodeIgniter\CodeIgniter->createController()
 3 SYSTEMPATH\CodeIgniter.php(354): CodeIgniter\CodeIgniter->handleRequest(null, Object(Config\Cache), false)
 4 SYSTEMPATH\Boot.php(334): CodeIgniter\CodeIgniter->run()
 5 SYSTEMPATH\Boot.php(67): CodeIgniter\Boot::runCodeIgniter(Object(CodeIgniter\CodeIgniter))
 6 FCPATH\index.php(56): CodeIgniter\Boot::bootWeb(Object(Config\Paths))
 7 SYSTEMPATH\rewrite.php(44): require_once('F:\\Program Yang Dikerjakan Saat ini\\2025\\icsback\\public\\index.php')
WARNING - 2025-03-06 09:54:10 --> [DEPRECATED] Creation of dynamic property App\Controllers\SupplierController::$Supplier is deprecated in APPPATH\Controllers\SupplierController.php on line 17.
 1 SYSTEMPATH\CodeIgniter.php(903): App\Controllers\SupplierController->__construct()
 2 SYSTEMPATH\CodeIgniter.php(498): CodeIgniter\CodeIgniter->createController()
 3 SYSTEMPATH\CodeIgniter.php(354): CodeIgniter\CodeIgniter->handleRequest(null, Object(Config\Cache), false)
 4 SYSTEMPATH\Boot.php(334): CodeIgniter\CodeIgniter->run()
 5 SYSTEMPATH\Boot.php(67): CodeIgniter\Boot::runCodeIgniter(Object(CodeIgniter\CodeIgniter))
 6 FCPATH\index.php(56): CodeIgniter\Boot::bootWeb(Object(Config\Paths))
 7 SYSTEMPATH\rewrite.php(44): require_once('F:\\Program Yang Dikerjakan Saat ini\\2025\\icsback\\public\\index.php')
